[2021-10-23 18:52:15.402] [main] [INFO ] [cn.korostudio.msc.setting.Setting] - Load
[2021-10-23 18:53:23.012] [main] [INFO ] [cn.korostudio.msc.setting.Setting] - E:\workspace\machinestatusclient/.ms/client/setting.setting
[2021-10-23 18:54:31.492] [main] [INFO ] [cn.korostudio.msc.setting.Setting] - C:\Users\koro/.ms/client/setting.setting
[2021-10-23 18:55:02.678] [main] [INFO ] [cn.korostudio.msc.setting.Setting] - C:\Users\koro/.ms/client/setting.setting
[2021-10-23 20:16:15.817] [main] [INFO ] [cn.korostudio.msc.setting.Setting] - C:\Users\koro/.ms/client/setting.setting
[2021-10-23 20:16:58.082] [main] [INFO ] [cn.korostudio.msc.setting.Setting] - C:\Users\koro/.ms/client/setting.setting
[2021-10-23 20:16:58.181] [main] [INFO ] [cn.korostudio.msc.net.NetSystem] - <html><body><h1>Whitelabel Error Page</h1><p>This application has no explicit mapping for /error, so you are seeing this as a fallback.</p><div id='created'>Sat Oct 23 20:16:58 CST 2021</div><div>There was an unexpected error (type=Unsupported Media Type, status=415).</div><div>Content type &#39;application/x-www-form-urlencoded;charset=UTF-8&#39; not supported</div><div style='white-space:pre-wrap;'>org.springframework.web.HttpMediaTypeNotSupportedException: Content type &#39;application/x-www-form-urlencoded;charset=UTF-8&#39; not supported
	at org.springframework.web.servlet.mvc.method.annotation.AbstractMessageConverterMethodArgumentResolver.readWithMessageConverters(AbstractMessageConverterMethodArgumentResolver.java:206)
	at org.springframework.web.servlet.mvc.method.annotation.RequestResponseBodyMethodProcessor.readWithMessageConverters(RequestResponseBodyMethodProcessor.java:160)
	at org.springframework.web.servlet.mvc.method.annotation.RequestResponseBodyMethodProcessor.resolveArgument(RequestResponseBodyMethodProcessor.java:133)
	at org.springframework.web.method.support.HandlerMethodArgumentResolverComposite.resolveArgument(HandlerMethodArgumentResolverComposite.java:121)
	at org.springframework.web.method.support.InvocableHandlerMethod.getMethodArgumentValues(InvocableHandlerMethod.java:179)
	at org.springframework.web.method.support.InvocableHandlerMethod.invokeForRequest(InvocableHandlerMethod.java:146)
	at org.springframework.web.servlet.mvc.method.annotation.ServletInvocableHandlerMethod.invokeAndHandle(ServletInvocableHandlerMethod.java:117)
	at org.springframework.web.servlet.mvc.method.annotation.RequestMappingHandlerAdapter.invokeHandlerMethod(RequestMappingHandlerAdapter.java:895)
	at org.springframework.web.servlet.mvc.method.annotation.RequestMappingHandlerAdapter.handleInternal(RequestMappingHandlerAdapter.java:808)
	at org.springframework.web.servlet.mvc.method.AbstractHandlerMethodAdapter.handle(AbstractHandlerMethodAdapter.java:87)
	at org.springframework.web.servlet.DispatcherServlet.doDispatch(DispatcherServlet.java:1067)
	at org.springframework.web.servlet.DispatcherServlet.doService(DispatcherServlet.java:963)
	at org.springframework.web.servlet.FrameworkServlet.processRequest(FrameworkServlet.java:1006)
	at org.springframework.web.servlet.FrameworkServlet.doPost(FrameworkServlet.java:909)
	at javax.servlet.http.HttpServlet.service(HttpServlet.java:681)
	at org.springframework.web.servlet.FrameworkServlet.service(FrameworkServlet.java:883)
	at javax.servlet.http.HttpServlet.service(HttpServlet.java:764)
	at org.apache.catalina.core.ApplicationFilterChain.internalDoFilter(ApplicationFilterChain.java:227)
	at org.apache.catalina.core.ApplicationFilterChain.doFilter(ApplicationFilterChain.java:162)
	at org.apache.tomcat.websocket.server.WsFilter.doFilter(WsFilter.java:53)
	at org.apache.catalina.core.ApplicationFilterChain.internalDoFilter(ApplicationFilterChain.java:189)
	at org.apache.catalina.core.ApplicationFilterChain.doFilter(ApplicationFilterChain.java:162)
	at org.springframework.web.filter.RequestContextFilter.doFilterInternal(RequestContextFilter.java:100)
	at org.springframework.web.filter.OncePerRequestFilter.doFilter(OncePerRequestFilter.java:119)
	at org.apache.catalina.core.ApplicationFilterChain.internalDoFilter(ApplicationFilterChain.java:189)
	at org.apache.catalina.core.ApplicationFilterChain.doFilter(ApplicationFilterChain.java:162)
	at org.springframework.web.filter.FormContentFilter.doFilterInternal(FormContentFilter.java:93)
	at org.springframework.web.filter.OncePerRequestFilter.doFilter(OncePerRequestFilter.java:119)
	at org.apache.catalina.core.ApplicationFilterChain.internalDoFilter(ApplicationFilterChain.java:189)
	at org.apache.catalina.core.ApplicationFilterChain.doFilter(ApplicationFilterChain.java:162)
	at org.springframework.web.filter.CharacterEncodingFilter.doFilterInternal(CharacterEncodingFilter.java:201)
	at org.springframework.web.filter.OncePerRequestFilter.doFilter(OncePerRequestFilter.java:119)
	at org.apache.catalina.core.ApplicationFilterChain.internalDoFilter(ApplicationFilterChain.java:189)
	at org.apache.catalina.core.ApplicationFilterChain.doFilter(ApplicationFilterChain.java:162)
	at org.apache.catalina.core.StandardWrapperValve.invoke(StandardWrapperValve.java:197)
	at org.apache.catalina.core.StandardContextValve.invoke(StandardContextValve.java:97)
	at org.apache.catalina.authenticator.AuthenticatorBase.invoke(AuthenticatorBase.java:540)
	at org.apache.catalina.core.StandardHostValve.invoke(StandardHostValve.java:135)
	at org.apache.catalina.valves.ErrorReportValve.invoke(ErrorReportValve.java:92)
	at org.apache.catalina.core.StandardEngineValve.invoke(StandardEngineValve.java:78)
	at org.apache.catalina.connector.CoyoteAdapter.service(CoyoteAdapter.java:357)
	at org.apache.coyote.http11.Http11Processor.service(Http11Processor.java:382)
	at org.apache.coyote.AbstractProcessorLight.process(AbstractProcessorLight.java:65)
	at org.apache.coyote.AbstractProtocol$ConnectionHandler.process(AbstractProtocol.java:895)
	at org.apache.tomcat.util.net.NioEndpoint$SocketProcessor.doRun(NioEndpoint.java:1722)
	at org.apache.tomcat.util.net.SocketProcessorBase.run(SocketProcessorBase.java:49)
	at org.apache.tomcat.util.threads.ThreadPoolExecutor.runWorker(ThreadPoolExecutor.java:1191)
	at org.apache.tomcat.util.threads.ThreadPoolExecutor$Worker.run(ThreadPoolExecutor.java:659)
	at org.apache.tomcat.util.threads.TaskThread$WrappingRunnable.run(TaskThread.java:61)
	at java.base/java.lang.Thread.run(Thread.java:831)
</div></body></html>
[2021-10-23 20:21:13.547] [main] [INFO ] [cn.korostudio.msc.setting.Setting] - C:\Users\koro/.ms/client/setting.setting
[2021-10-23 20:21:13.806] [main] [INFO ] [cn.korostudio.msc.net.NetSystem] - <html><body><h1>Whitelabel Error Page</h1><p>This application has no explicit mapping for /error, so you are seeing this as a fallback.</p><div id='created'>Sat Oct 23 20:21:13 CST 2021</div><div>There was an unexpected error (type=Unsupported Media Type, status=415).</div><div>Content type &#39;application/x-www-form-urlencoded;charset=UTF-8&#39; not supported</div><div style='white-space:pre-wrap;'>org.springframework.web.HttpMediaTypeNotSupportedException: Content type &#39;application/x-www-form-urlencoded;charset=UTF-8&#39; not supported
	at org.springframework.web.servlet.mvc.method.annotation.AbstractMessageConverterMethodArgumentResolver.readWithMessageConverters(AbstractMessageConverterMethodArgumentResolver.java:206)
	at org.springframework.web.servlet.mvc.method.annotation.RequestResponseBodyMethodProcessor.readWithMessageConverters(RequestResponseBodyMethodProcessor.java:160)
	at org.springframework.web.servlet.mvc.method.annotation.RequestResponseBodyMethodProcessor.resolveArgument(RequestResponseBodyMethodProcessor.java:133)
	at org.springframework.web.method.support.HandlerMethodArgumentResolverComposite.resolveArgument(HandlerMethodArgumentResolverComposite.java:121)
	at org.springframework.web.method.support.InvocableHandlerMethod.getMethodArgumentValues(InvocableHandlerMethod.java:179)
	at org.springframework.web.method.support.InvocableHandlerMethod.invokeForRequest(InvocableHandlerMethod.java:146)
	at org.springframework.web.servlet.mvc.method.annotation.ServletInvocableHandlerMethod.invokeAndHandle(ServletInvocableHandlerMethod.java:117)
	at org.springframework.web.servlet.mvc.method.annotation.RequestMappingHandlerAdapter.invokeHandlerMethod(RequestMappingHandlerAdapter.java:895)
	at org.springframework.web.servlet.mvc.method.annotation.RequestMappingHandlerAdapter.handleInternal(RequestMappingHandlerAdapter.java:808)
	at org.springframework.web.servlet.mvc.method.AbstractHandlerMethodAdapter.handle(AbstractHandlerMethodAdapter.java:87)
	at org.springframework.web.servlet.DispatcherServlet.doDispatch(DispatcherServlet.java:1067)
	at org.springframework.web.servlet.DispatcherServlet.doService(DispatcherServlet.java:963)
	at org.springframework.web.servlet.FrameworkServlet.processRequest(FrameworkServlet.java:1006)
	at org.springframework.web.servlet.FrameworkServlet.doPost(FrameworkServlet.java:909)
	at javax.servlet.http.HttpServlet.service(HttpServlet.java:681)
	at org.springframework.web.servlet.FrameworkServlet.service(FrameworkServlet.java:883)
	at javax.servlet.http.HttpServlet.service(HttpServlet.java:764)
	at org.apache.catalina.core.ApplicationFilterChain.internalDoFilter(ApplicationFilterChain.java:227)
	at org.apache.catalina.core.ApplicationFilterChain.doFilter(ApplicationFilterChain.java:162)
	at org.apache.tomcat.websocket.server.WsFilter.doFilter(WsFilter.java:53)
	at org.apache.catalina.core.ApplicationFilterChain.internalDoFilter(ApplicationFilterChain.java:189)
	at org.apache.catalina.core.ApplicationFilterChain.doFilter(ApplicationFilterChain.java:162)
	at org.springframework.web.filter.RequestContextFilter.doFilterInternal(RequestContextFilter.java:100)
	at org.springframework.web.filter.OncePerRequestFilter.doFilter(OncePerRequestFilter.java:119)
	at org.apache.catalina.core.ApplicationFilterChain.internalDoFilter(ApplicationFilterChain.java:189)
	at org.apache.catalina.core.ApplicationFilterChain.doFilter(ApplicationFilterChain.java:162)
	at org.springframework.web.filter.FormContentFilter.doFilterInternal(FormContentFilter.java:93)
	at org.springframework.web.filter.OncePerRequestFilter.doFilter(OncePerRequestFilter.java:119)
	at org.apache.catalina.core.ApplicationFilterChain.internalDoFilter(ApplicationFilterChain.java:189)
	at org.apache.catalina.core.ApplicationFilterChain.doFilter(ApplicationFilterChain.java:162)
	at org.springframework.web.filter.CharacterEncodingFilter.doFilterInternal(CharacterEncodingFilter.java:201)
	at org.springframework.web.filter.OncePerRequestFilter.doFilter(OncePerRequestFilter.java:119)
	at org.apache.catalina.core.ApplicationFilterChain.internalDoFilter(ApplicationFilterChain.java:189)
	at org.apache.catalina.core.ApplicationFilterChain.doFilter(ApplicationFilterChain.java:162)
	at org.apache.catalina.core.StandardWrapperValve.invoke(StandardWrapperValve.java:197)
	at org.apache.catalina.core.StandardContextValve.invoke(StandardContextValve.java:97)
	at org.apache.catalina.authenticator.AuthenticatorBase.invoke(AuthenticatorBase.java:540)
	at org.apache.catalina.core.StandardHostValve.invoke(StandardHostValve.java:135)
	at org.apache.catalina.valves.ErrorReportValve.invoke(ErrorReportValve.java:92)
	at org.apache.catalina.core.StandardEngineValve.invoke(StandardEngineValve.java:78)
	at org.apache.catalina.connector.CoyoteAdapter.service(CoyoteAdapter.java:357)
	at org.apache.coyote.http11.Http11Processor.service(Http11Processor.java:382)
	at org.apache.coyote.AbstractProcessorLight.process(AbstractProcessorLight.java:65)
	at org.apache.coyote.AbstractProtocol$ConnectionHandler.process(AbstractProtocol.java:895)
	at org.apache.tomcat.util.net.NioEndpoint$SocketProcessor.doRun(NioEndpoint.java:1722)
	at org.apache.tomcat.util.net.SocketProcessorBase.run(SocketProcessorBase.java:49)
	at org.apache.tomcat.util.threads.ThreadPoolExecutor.runWorker(ThreadPoolExecutor.java:1191)
	at org.apache.tomcat.util.threads.ThreadPoolExecutor$Worker.run(ThreadPoolExecutor.java:659)
	at org.apache.tomcat.util.threads.TaskThread$WrappingRunnable.run(TaskThread.java:61)
	at java.base/java.lang.Thread.run(Thread.java:831)
</div></body></html>
[2021-10-23 20:23:04.998] [main] [INFO ] [cn.korostudio.msc.setting.Setting] - C:\Users\koro/.ms/client/setting.setting
[2021-10-23 20:23:05.205] [main] [INFO ] [cn.korostudio.msc.net.NetSystem] - test
[2021-10-23 22:56:57.034] [main] [INFO ] [cn.korostudio.msc.setting.Setting] - C:\Users\koro/.ms/client/setting.setting
[2021-10-23 22:57:02.943] [main] [INFO ] [cn.korostudio.msc.net.NetSystem] - post : Server(name=NULL, serverID=873715050, type=KVM, host=127.0.0.1, location=中国, online=true, uptime=3小时12分51秒, load=0.0, network_rx=557796917, network_tx=77262216, network_in=557796917, network_out=77262216, cpu=16, memory_total=14878564352, memory_used=4096, swap_total=12360454144, swap_used=975060992, hdd_total=512110153728, hdd_used=382844850176, custom=, region=CN, updated=1635001019)
[2021-10-23 22:57:06.955] [main] [INFO ] [cn.korostudio.msc.net.NetSystem] - post : Server(name=NULL, serverID=873715050, type=KVM, host=127.0.0.1, location=中国, online=true, uptime=3小时12分55秒, load=0.0, network_rx=3006, network_tx=5793, network_in=557799923, network_out=77268009, cpu=16, memory_total=14878564352, memory_used=4096, swap_total=12360454144, swap_used=975060992, hdd_total=512110153728, hdd_used=382844850176, custom=, region=CN, updated=1635001023)
[2021-10-23 22:57:10.958] [main] [INFO ] [cn.korostudio.msc.net.NetSystem] - post : Server(name=NULL, serverID=873715050, type=KVM, host=127.0.0.1, location=中国, online=true, uptime=3小时12分59秒, load=0.0, network_rx=9844, network_tx=7943, network_in=557809767, network_out=77275952, cpu=16, memory_total=14878564352, memory_used=4096, swap_total=12360454144, swap_used=975048704, hdd_total=512110153728, hdd_used=382844850176, custom=, region=CN, updated=1635001027)
[2021-10-23 22:57:14.987] [main] [INFO ] [cn.korostudio.msc.net.NetSystem] - post : Server(name=NULL, serverID=873715050, type=KVM, host=127.0.0.1, location=中国, online=true, uptime=3小时13分3秒, load=0.0, network_rx=16267, network_tx=15802, network_in=557826034, network_out=77291754, cpu=16, memory_total=14878564352, memory_used=4096, swap_total=12360454144, swap_used=975044608, hdd_total=512110153728, hdd_used=382844850176, custom=, region=CN, updated=1635001031)
[2021-10-23 22:57:19.327] [main] [INFO ] [cn.korostudio.msc.net.NetSystem] - post : Server(name=NULL, serverID=873715050, type=KVM, host=127.0.0.1, location=中国, online=true, uptime=3小时13分7秒, load=0.0, network_rx=7182, network_tx=6587, network_in=557833216, network_out=77298341, cpu=16, memory_total=14878564352, memory_used=4096, swap_total=12360454144, swap_used=975044608, hdd_total=512110153728, hdd_used=382844850176, custom=, region=CN, updated=1635001036)
[2021-10-23 22:57:23.342] [main] [INFO ] [cn.korostudio.msc.net.NetSystem] - post : Server(name=NULL, serverID=873715050, type=KVM, host=127.0.0.1, location=中国, online=true, uptime=3小时13分12秒, load=0.0, network_rx=20750, network_tx=9550, network_in=557853966, network_out=77307891, cpu=16, memory_total=14878564352, memory_used=4096, swap_total=12360454144, swap_used=975040512, hdd_total=512110153728, hdd_used=382844850176, custom=, region=CN, updated=1635001040)
[2021-10-23 22:57:27.602] [main] [INFO ] [cn.korostudio.msc.net.NetSystem] - post : Server(name=NULL, serverID=873715050, type=KVM, host=127.0.0.1, location=中国, online=true, uptime=3小时13分16秒, load=0.0, network_rx=21749, network_tx=10285, network_in=557875715, network_out=77318176, cpu=16, memory_total=14878564352, memory_used=4096, swap_total=12360454144, swap_used=975036416, hdd_total=512110153728, hdd_used=382844850176, custom=, region=CN, updated=1635001044)
[2021-10-23 22:57:31.681] [main] [INFO ] [cn.korostudio.msc.net.NetSystem] - post : Server(name=NULL, serverID=873715050, type=KVM, host=127.0.0.1, location=中国, online=true, uptime=3小时13分20秒, load=0.0, network_rx=9640, network_tx=5750, network_in=557885355, network_out=77323926, cpu=16, memory_total=14878564352, memory_used=4096, swap_total=12360454144, swap_used=975036416, hdd_total=512110153728, hdd_used=382844850176, custom=, region=CN, updated=1635001048)
[2021-10-23 22:57:35.706] [main] [INFO ] [cn.korostudio.msc.net.NetSystem] - post : Server(name=NULL, serverID=873715050, type=KVM, host=127.0.0.1, location=中国, online=true, uptime=3小时13分24秒, load=0.0, network_rx=43288, network_tx=10571, network_in=557928643, network_out=77334497, cpu=16, memory_total=14878564352, memory_used=4096, swap_total=12360454144, swap_used=975028224, hdd_total=512110153728, hdd_used=382844854272, custom=, region=CN, updated=1635001052)
[2021-10-23 22:57:39.664] [main] [INFO ] [cn.korostudio.msc.net.NetSystem] - post : Server(name=NULL, serverID=873715050, type=KVM, host=127.0.0.1, location=中国, online=true, uptime=3小时13分28秒, load=0.0, network_rx=209802, network_tx=17102, network_in=558138445, network_out=77351599, cpu=16, memory_total=14878564352, memory_used=4096, swap_total=12360454144, swap_used=974995456, hdd_total=512110153728, hdd_used=382844854272, custom=, region=CN, updated=1635001056)
[2021-10-23 22:57:43.672] [main] [INFO ] [cn.korostudio.msc.net.NetSystem] - post : Server(name=NULL, serverID=873715050, type=KVM, host=127.0.0.1, location=中国, online=true, uptime=3小时13分32秒, load=0.0, network_rx=10909, network_tx=5965, network_in=558149354, network_out=77357564, cpu=16, memory_total=14878564352, memory_used=4096, swap_total=12360454144, swap_used=974991360, hdd_total=512110153728, hdd_used=382844854272, custom=, region=CN, updated=1635001060)
[2021-10-23 22:57:47.688] [main] [INFO ] [cn.korostudio.msc.net.NetSystem] - post : Server(name=NULL, serverID=873715050, type=KVM, host=127.0.0.1, location=中国, online=true, uptime=3小时13分36秒, load=0.0, network_rx=13322, network_tx=7641, network_in=558162676, network_out=77365205, cpu=16, memory_total=14878564352, memory_used=4096, swap_total=12360454144, swap_used=974991360, hdd_total=512110153728, hdd_used=382844854272, custom=, region=CN, updated=1635001064)
[2021-10-23 22:57:51.730] [main] [INFO ] [cn.korostudio.msc.net.NetSystem] - post : Server(name=NULL, serverID=873715050, type=KVM, host=127.0.0.1, location=中国, online=true, uptime=3小时13分40秒, load=0.0, network_rx=12291, network_tx=5845, network_in=558174967, network_out=77371050, cpu=16, memory_total=14878564352, memory_used=4096, swap_total=12360454144, swap_used=974991360, hdd_total=512110153728, hdd_used=382844854272, custom=, region=CN, updated=1635001068)
[2021-10-23 22:57:55.798] [main] [INFO ] [cn.korostudio.msc.net.NetSystem] - post : Server(name=NULL, serverID=873715050, type=KVM, host=127.0.0.1, location=中国, online=true, uptime=3小时13分44秒, load=0.0, network_rx=13113, network_tx=7244, network_in=558188080, network_out=77378294, cpu=16, memory_total=14878564352, memory_used=4096, swap_total=12360454144, swap_used=974987264, hdd_total=512110153728, hdd_used=382844854272, custom=, region=CN, updated=1635001072)
[2021-10-23 22:57:59.857] [main] [INFO ] [cn.korostudio.msc.net.NetSystem] - post : Server(name=NULL, serverID=873715050, type=KVM, host=127.0.0.1, location=中国, online=true, uptime=3小时13分48秒, load=0.0, network_rx=9583, network_tx=7131, network_in=558197663, network_out=77385425, cpu=16, memory_total=14878564352, memory_used=4096, swap_total=12360454144, swap_used=974983168, hdd_total=512110153728, hdd_used=382844854272, custom=, region=CN, updated=1635001076)
[2021-10-23 22:58:03.941] [main] [INFO ] [cn.korostudio.msc.net.NetSystem] - post : Server(name=NULL, serverID=873715050, type=KVM, host=127.0.0.1, location=中国, online=true, uptime=3小时13分52秒, load=0.0, network_rx=20041, network_tx=9469, network_in=558217704, network_out=77394894, cpu=16, memory_total=14878564352, memory_used=4096, swap_total=12360454144, swap_used=974974976, hdd_total=512110153728, hdd_used=382844854272, custom=, region=CN, updated=1635001080)
[2021-10-23 22:58:08.040] [main] [INFO ] [cn.korostudio.msc.net.NetSystem] - post : Server(name=NULL, serverID=873715050, type=KVM, host=127.0.0.1, location=中国, online=true, uptime=3小时13分56秒, load=0.0, network_rx=14412, network_tx=8705, network_in=558232116, network_out=77403599, cpu=16, memory_total=14878564352, memory_used=4096, swap_total=12360454144, swap_used=974966784, hdd_total=512110153728, hdd_used=382844854272, custom=, region=CN, updated=1635001084)
[2021-10-23 22:58:12.134] [main] [INFO ] [cn.korostudio.msc.net.NetSystem] - post : Server(name=NULL, serverID=873715050, type=KVM, host=127.0.0.1, location=中国, online=true, uptime=3小时14分, load=0.0, network_rx=14851, network_tx=16337, network_in=558246967, network_out=77419936, cpu=16, memory_total=14878564352, memory_used=4096, swap_total=12360454144, swap_used=974962688, hdd_total=512110153728, hdd_used=382844866560, custom=, region=CN, updated=1635001089)
[2021-10-23 22:58:16.202] [main] [INFO ] [cn.korostudio.msc.net.NetSystem] - post : Server(name=NULL, serverID=873715050, type=KVM, host=127.0.0.1, location=中国, online=true, uptime=3小时14分4秒, load=0.0, network_rx=71438, network_tx=12999, network_in=558318405, network_out=77432935, cpu=16, memory_total=14878564352, memory_used=4096, swap_total=12360454144, swap_used=974938112, hdd_total=512110153728, hdd_used=382844866560, custom=, region=CN, updated=1635001093)
[2021-10-23 22:58:20.274] [main] [INFO ] [cn.korostudio.msc.net.NetSystem] - post : Server(name=NULL, serverID=873715050, type=KVM, host=127.0.0.1, location=中国, online=true, uptime=3小时14分9秒, load=0.0, network_rx=16415, network_tx=8516, network_in=558334820, network_out=77441451, cpu=16, memory_total=14878564352, memory_used=4096, swap_total=12360454144, swap_used=974934016, hdd_total=512110153728, hdd_used=382844866560, custom=, region=CN, updated=1635001097)
[2021-10-23 22:58:24.533] [main] [INFO ] [cn.korostudio.msc.net.NetSystem] - post : Server(name=NULL, serverID=873715050, type=KVM, host=127.0.0.1, location=中国, online=true, uptime=3小时14分13秒, load=0.0, network_rx=28959, network_tx=515775, network_in=558363779, network_out=77957226, cpu=16, memory_total=14878564352, memory_used=4096, swap_total=12360454144, swap_used=974925824, hdd_total=512110153728, hdd_used=382844866560, custom=, region=CN, updated=1635001101)
[2021-10-23 22:58:28.686] [main] [INFO ] [cn.korostudio.msc.net.NetSystem] - post : Server(name=NULL, serverID=873715050, type=KVM, host=127.0.0.1, location=中国, online=true, uptime=3小时14分17秒, load=0.0, network_rx=34176, network_tx=895579, network_in=558397955, network_out=78852805, cpu=16, memory_total=14878564352, memory_used=4096, swap_total=12360454144, swap_used=974921728, hdd_total=512110153728, hdd_used=382844866560, custom=, region=CN, updated=1635001105)
[2021-10-23 22:58:32.739] [main] [INFO ] [cn.korostudio.msc.net.NetSystem] - post : Server(name=NULL, serverID=873715050, type=KVM, host=127.0.0.1, location=中国, online=true, uptime=3小时14分21秒, load=0.0, network_rx=12041, network_tx=6443, network_in=558409996, network_out=78859248, cpu=16, memory_total=14878564352, memory_used=4096, swap_total=12360454144, swap_used=974917632, hdd_total=512110153728, hdd_used=382844866560, custom=, region=CN, updated=1635001109)
[2021-10-23 22:58:36.739] [main] [INFO ] [cn.korostudio.msc.net.NetSystem] - post : Server(name=NULL, serverID=873715050, type=KVM, host=127.0.0.1, location=中国, online=true, uptime=3小时14分25秒, load=0.0, network_rx=18053, network_tx=9594, network_in=558428049, network_out=78868842, cpu=16, memory_total=14878564352, memory_used=4096, swap_total=12360454144, swap_used=974913536, hdd_total=512110153728, hdd_used=382844866560, custom=, region=CN, updated=1635001113)
[2021-10-23 22:58:40.906] [main] [INFO ] [cn.korostudio.msc.net.NetSystem] - post : Server(name=NULL, serverID=873715050, type=KVM, host=127.0.0.1, location=中国, online=true, uptime=3小时14分29秒, load=0.0, network_rx=13831, network_tx=7726, network_in=558441880, network_out=78876568, cpu=16, memory_total=14878564352, memory_used=4096, swap_total=12360454144, swap_used=974909440, hdd_total=512110153728, hdd_used=382844866560, custom=, region=CN, updated=1635001117)
[2021-10-23 22:58:44.967] [main] [INFO ] [cn.korostudio.msc.net.NetSystem] - post : Server(name=NULL, serverID=873715050, type=KVM, host=127.0.0.1, location=中国, online=true, uptime=3小时14分33秒, load=0.0, network_rx=9987, network_tx=7235, network_in=558451867, network_out=78883803, cpu=16, memory_total=14878564352, memory_used=4096, swap_total=12360454144, swap_used=974905344, hdd_total=512110153728, hdd_used=382844866560, custom=, region=CN, updated=1635001121)
[2021-10-23 22:58:54.169] [main] [INFO ] [cn.korostudio.msc.setting.Setting] - C:\Users\koro/.ms/client/setting.setting
[2021-10-23 22:58:59.878] [main] [INFO ] [cn.korostudio.msc.net.NetSystem] - post : Server(name=NULL, serverID=873715050, type=KVM, host=127.0.0.1, location=中国, online=true, uptime=3小时14分48秒, load=0.0, network_rx=558503339, network_tx=78913955, network_in=558503339, network_out=78913955, cpu=16, memory_total=14878564352, memory_used=4096, swap_total=12360454144, swap_used=974843904, hdd_total=512110153728, hdd_used=382844862464, custom=, region=CN, updated=1635001136)
[2021-10-23 22:59:02.913] [main] [INFO ] [cn.korostudio.msc.net.NetSystem] - post : Server(name=NULL, serverID=873715050, type=KVM, host=127.0.0.1, location=中国, online=true, uptime=3小时14分51秒, load=0.0, network_rx=8896, network_tx=4778, network_in=558512235, network_out=78918733, cpu=16, memory_total=14878564352, memory_used=4096, swap_total=12360454144, swap_used=974835712, hdd_total=512110153728, hdd_used=382844862464, custom=, region=CN, updated=1635001139)
[2021-10-23 22:59:06.082] [main] [INFO ] [cn.korostudio.msc.net.NetSystem] - post : Server(name=NULL, serverID=873715050, type=KVM, host=127.0.0.1, location=中国, online=true, uptime=3小时14分54秒, load=0.0, network_rx=8811, network_tx=4529, network_in=558521046, network_out=78923262, cpu=16, memory_total=14878564352, memory_used=4096, swap_total=12360454144, swap_used=974823424, hdd_total=512110153728, hdd_used=382844862464, custom=, region=CN, updated=1635001142)
[2021-10-23 22:59:09.095] [main] [INFO ] [cn.korostudio.msc.net.NetSystem] - post : Server(name=NULL, serverID=873715050, type=KVM, host=127.0.0.1, location=中国, online=true, uptime=3小时14分57秒, load=0.0, network_rx=12621, network_tx=7858, network_in=558533667, network_out=78931120, cpu=16, memory_total=14878564352, memory_used=4096, swap_total=12360454144, swap_used=972767232, hdd_total=512110153728, hdd_used=382844862464, custom=, region=CN, updated=1635001146)
[2021-10-23 22:59:12.049] [main] [INFO ] [cn.korostudio.msc.net.NetSystem] - post : Server(name=NULL, serverID=873715050, type=KVM, host=127.0.0.1, location=中国, online=true, uptime=3小时15分, load=0.0, network_rx=11431, network_tx=7271, network_in=558545098, network_out=78938391, cpu=16, memory_total=14878564352, memory_used=4096, swap_total=12360454144, swap_used=972750848, hdd_total=512110153728, hdd_used=382844862464, custom=, region=CN, updated=1635001149)
[2021-10-23 22:59:15.109] [main] [INFO ] [cn.korostudio.msc.net.NetSystem] - post : Server(name=NULL, serverID=873715050, type=KVM, host=127.0.0.1, location=中国, online=true, uptime=3小时15分3秒, load=0.0, network_rx=8792, network_tx=4731, network_in=558553890, network_out=78943122, cpu=16, memory_total=14878564352, memory_used=4096, swap_total=12360454144, swap_used=972750848, hdd_total=512110153728, hdd_used=382844862464, custom=, region=CN, updated=1635001152)
[2021-10-23 22:59:18.106] [main] [INFO ] [cn.korostudio.msc.net.NetSystem] - post : Server(name=NULL, serverID=873715050, type=KVM, host=127.0.0.1, location=中国, online=true, uptime=3小时15分6秒, load=0.0, network_rx=9124, network_tx=4869, network_in=558563014, network_out=78947991, cpu=16, memory_total=14878564352, memory_used=4096, swap_total=12360454144, swap_used=972742656, hdd_total=512110153728, hdd_used=382844862464, custom=, region=CN, updated=1635001155)
[2021-10-23 22:59:21.247] [main] [INFO ] [cn.korostudio.msc.net.NetSystem] - post : Server(name=NULL, serverID=873715050, type=KVM, host=127.0.0.1, location=中国, online=true, uptime=3小时15分9秒, load=0.0, network_rx=37236, network_tx=15758, network_in=558600250, network_out=78963749, cpu=16, memory_total=14878564352, memory_used=4096, swap_total=12360454144, swap_used=971825152, hdd_total=512110153728, hdd_used=382844862464, custom=, region=CN, updated=1635001158)
[2021-10-23 23:00:17.645] [main] [INFO ] [cn.korostudio.msc.setting.Setting] - C:\Users\koro/.ms/client/setting.setting
[2021-10-23 23:00:20.328] [main] [INFO ] [cn.korostudio.msc.net.NetSystem] - 
[2021-10-23 23:00:20.335] [main] [INFO ] [cn.korostudio.msc.net.NetSystem] - 
[2021-10-23 23:00:23.402] [main] [INFO ] [cn.korostudio.msc.net.NetSystem] - 
[2021-10-23 23:00:23.444] [main] [INFO ] [cn.korostudio.msc.net.NetSystem] - post : Server(name=NULL, serverID=873715050, type=KVM, host=127.0.0.1, location=中国, online=true, uptime=3小时16分12秒, load=0.0, network_rx=559061072, network_tx=79115102, network_in=559061072, network_out=79115102, cpu=16, memory_total=14878564352, memory_used=4096, swap_total=12360454144, swap_used=971644928, hdd_total=512110153728, hdd_used=382844866560, custom=, region=CN, updated=1635001220)
[2021-10-23 23:00:23.453] [main] [INFO ] [cn.korostudio.msc.net.NetSystem] - 
[2021-10-23 23:00:23.453] [main] [INFO ] [cn.korostudio.msc.net.NetSystem] - 
[2021-10-23 23:00:26.558] [main] [INFO ] [cn.korostudio.msc.net.NetSystem] - 
[2021-10-23 23:00:26.558] [main] [INFO ] [cn.korostudio.msc.net.NetSystem] - post : Server(name=NULL, serverID=873715050, type=KVM, host=127.0.0.1, location=中国, online=true, uptime=3小时16分15秒, load=0.0, network_rx=10470, network_tx=7313, network_in=559071542, network_out=79122415, cpu=16, memory_total=14878564352, memory_used=4096, swap_total=12360454144, swap_used=971644928, hdd_total=512110153728, hdd_used=382844866560, custom=, region=CN, updated=1635001223)
[2021-10-23 23:00:26.565] [main] [INFO ] [cn.korostudio.msc.net.NetSystem] - 
[2021-10-23 23:00:26.566] [main] [INFO ] [cn.korostudio.msc.net.NetSystem] - 
[2021-10-23 23:01:03.703] [main] [INFO ] [cn.korostudio.msc.setting.Setting] - C:\Users\koro/.ms/client/setting.setting
[2021-10-23 23:01:06.327] [main] [INFO ] [cn.korostudio.msc.net.NetSystem] - 
[2021-10-23 23:01:09.481] [main] [INFO ] [cn.korostudio.msc.net.NetSystem] - 
[2021-10-23 23:01:09.481] [main] [INFO ] [cn.korostudio.msc.net.NetSystem] - 
[2021-10-23 23:01:09.527] [main] [INFO ] [cn.korostudio.msc.net.NetSystem] - post : Server(name=NULL, serverID=873715050, type=KVM, host=127.0.0.1, location=中国, online=true, uptime=3小时16分58秒, load=0.0, network_rx=559374288, network_tx=79215724, network_in=559374288, network_out=79215724, cpu=16, memory_total=14878564352, memory_used=4096, swap_total=12360454144, swap_used=945958912, hdd_total=512110153728, hdd_used=382844866560, custom=, region=CN, updated=1635001266)
[2021-10-23 23:01:09.539] [main] [INFO ] [cn.korostudio.msc.net.NetSystem] - 
[2021-10-23 23:01:12.757] [main] [INFO ] [cn.korostudio.msc.net.NetSystem] - 
[2021-10-23 23:01:12.757] [main] [INFO ] [cn.korostudio.msc.net.NetSystem] - 
[2021-10-23 23:01:12.757] [main] [INFO ] [cn.korostudio.msc.net.NetSystem] - post : Server(name=NULL, serverID=873715050, type=KVM, host=127.0.0.1, location=中国, online=true, uptime=3小时17分1秒, load=0.0, network_rx=13502, network_tx=6502, network_in=559387790, network_out=79222226, cpu=16, memory_total=14878564352, memory_used=4096, swap_total=12360454144, swap_used=945958912, hdd_total=512110153728, hdd_used=382844866560, custom=, region=CN, updated=1635001269)
[2021-10-23 23:01:12.765] [main] [INFO ] [cn.korostudio.msc.net.NetSystem] - 
[2021-10-23 23:01:15.886] [main] [INFO ] [cn.korostudio.msc.net.NetSystem] - 
[2021-10-23 23:01:15.886] [main] [INFO ] [cn.korostudio.msc.net.NetSystem] - 
[2021-10-23 23:01:15.886] [main] [INFO ] [cn.korostudio.msc.net.NetSystem] - post : Server(name=NULL, serverID=873715050, type=KVM, host=127.0.0.1, location=中国, online=true, uptime=3小时17分4秒, load=0.0, network_rx=9339, network_tx=5126, network_in=559397129, network_out=79227352, cpu=16, memory_total=14878564352, memory_used=4096, swap_total=12360454144, swap_used=945958912, hdd_total=512110153728, hdd_used=382844866560, custom=, region=CN, updated=1635001272)
[2021-10-23 23:01:15.893] [main] [INFO ] [cn.korostudio.msc.net.NetSystem] - 
[2021-10-23 23:05:21.898] [main] [INFO ] [cn.korostudio.msc.setting.Setting] - C:\Users\koro/.ms/client/setting.setting
[2021-10-23 23:05:24.628] [main] [INFO ] [cn.korostudio.msc.net.NetSystem] - 
[2021-10-23 23:05:27.670] [main] [INFO ] [cn.korostudio.msc.net.NetSystem] - 
[2021-10-23 23:05:27.670] [main] [INFO ] [cn.korostudio.msc.net.NetSystem] - 
[2021-10-23 23:05:27.704] [main] [INFO ] [cn.korostudio.msc.net.NetSystem] - post : Server(name=NULL, serverID=873715050, type=KVM, host=127.0.0.1, location=中国, online=true, uptime=3小时21分16秒, load=0.0, network_rx=562470312, network_tx=80670943, network_in=562470312, network_out=80670943, cpu=16, memory_total=14878564352, memory_used=4096, swap_total=12360454144, swap_used=946208768, hdd_total=512110153728, hdd_used=382844870656, custom=, region=CN, updated=1635001524)
[2021-10-23 23:05:27.714] [main] [INFO ] [cn.korostudio.msc.net.NetSystem] - 
[2021-10-23 23:05:30.718] [main] [INFO ] [cn.korostudio.msc.net.NetSystem] - 
[2021-10-23 23:05:30.718] [main] [INFO ] [cn.korostudio.msc.net.NetSystem] - 
[2021-10-23 23:05:30.718] [main] [INFO ] [cn.korostudio.msc.net.NetSystem] - post : Server(name=NULL, serverID=873715050, type=KVM, host=127.0.0.1, location=中国, online=true, uptime=3小时21分19秒, load=0.0, network_rx=11672, network_tx=6814, network_in=562481984, network_out=80677757, cpu=16, memory_total=14878564352, memory_used=4096, swap_total=12360454144, swap_used=946204672, hdd_total=512110153728, hdd_used=382844870656, custom=, region=CN, updated=1635001527)
[2021-10-23 23:05:30.726] [main] [INFO ] [cn.korostudio.msc.net.NetSystem] - 
[2021-10-23 23:06:09.978] [main] [INFO ] [cn.korostudio.msc.setting.Setting] - C:\Users\koro/.ms/client/setting.setting
[2021-10-23 23:06:12.593] [main] [INFO ] [cn.korostudio.msc.net.NetSystem] - 
[2021-10-23 23:06:15.701] [main] [INFO ] [cn.korostudio.msc.net.NetSystem] - 13
[2021-10-23 23:06:15.702] [main] [INFO ] [cn.korostudio.msc.net.NetSystem] - 
[2021-10-23 23:06:15.739] [main] [INFO ] [cn.korostudio.msc.net.NetSystem] - post : Server(name=NULL, serverID=873715050, type=KVM, host=127.0.0.1, location=中国, online=true, uptime=3小时22分4秒, load=0.0, network_rx=563226697, network_tx=80779950, network_in=563226697, network_out=80779950, cpu=16, memory_total=14878564352, memory_used=4096, swap_total=12360454144, swap_used=946163712, hdd_total=512110153728, hdd_used=382844870656, custom=, region=CN, updated=1635001572)
[2021-10-23 23:06:15.747] [main] [INFO ] [cn.korostudio.msc.net.NetSystem] - 
[2021-10-23 23:06:18.738] [main] [INFO ] [cn.korostudio.msc.net.NetSystem] - 13
[2021-10-23 23:06:18.738] [main] [INFO ] [cn.korostudio.msc.net.NetSystem] - 
[2021-10-23 23:06:18.738] [main] [INFO ] [cn.korostudio.msc.net.NetSystem] - post : Server(name=NULL, serverID=873715050, type=KVM, host=127.0.0.1, location=中国, online=true, uptime=3小时22分7秒, load=0.0, network_rx=17202, network_tx=7106, network_in=563243899, network_out=80787056, cpu=16, memory_total=14878564352, memory_used=4096, swap_total=12360454144, swap_used=946143232, hdd_total=512110153728, hdd_used=382844870656, custom=, region=CN, updated=1635001575)
[2021-10-23 23:06:18.746] [main] [INFO ] [cn.korostudio.msc.net.NetSystem] - 
[2021-10-23 23:06:21.726] [main] [INFO ] [cn.korostudio.msc.net.NetSystem] - 13
[2021-10-23 23:06:21.726] [main] [INFO ] [cn.korostudio.msc.net.NetSystem] - 
[2021-10-23 23:06:21.726] [main] [INFO ] [cn.korostudio.msc.net.NetSystem] - post : Server(name=NULL, serverID=873715050, type=KVM, host=127.0.0.1, location=中国, online=true, uptime=3小时22分10秒, load=0.0, network_rx=27404, network_tx=7106, network_in=563271303, network_out=80794162, cpu=16, memory_total=14878564352, memory_used=4096, swap_total=12360454144, swap_used=946143232, hdd_total=512110153728, hdd_used=382844870656, custom=, region=CN, updated=1635001578)
[2021-10-23 23:06:21.734] [main] [INFO ] [cn.korostudio.msc.net.NetSystem] - 
[2021-10-23 23:17:30.538] [main] [INFO ] [cn.korostudio.msc.setting.Setting] - C:\Users\koro/.ms/client/setting.setting
[2021-10-23 23:17:36.577] [main] [INFO ] [cn.korostudio.msc.net.NetSystem] - Get : OK
[2021-10-23 23:17:39.669] [main] [INFO ] [cn.korostudio.msc.net.NetSystem] - Get : OK
[2021-10-23 23:17:42.658] [main] [INFO ] [cn.korostudio.msc.net.NetSystem] - Get : OK
[2021-10-23 23:17:45.791] [main] [INFO ] [cn.korostudio.msc.net.NetSystem] - Get : OK
[2021-10-23 23:17:48.736] [main] [INFO ] [cn.korostudio.msc.net.NetSystem] - Get : OK
[2021-10-23 23:17:51.871] [main] [INFO ] [cn.korostudio.msc.net.NetSystem] - Get : OK
[2021-10-23 23:17:54.886] [main] [INFO ] [cn.korostudio.msc.net.NetSystem] - Get : OK
[2021-10-23 23:17:57.842] [main] [INFO ] [cn.korostudio.msc.net.NetSystem] - Get : OK
[2021-10-23 23:18:00.888] [main] [INFO ] [cn.korostudio.msc.net.NetSystem] - Get : OK
[2021-10-23 23:18:03.873] [main] [INFO ] [cn.korostudio.msc.net.NetSystem] - Get : OK
[2021-10-23 23:18:06.995] [main] [INFO ] [cn.korostudio.msc.net.NetSystem] - Get : OK
[2021-10-23 23:18:10.418] [main] [INFO ] [cn.korostudio.msc.net.NetSystem] - Get : OK
[2021-10-23 23:18:13.517] [main] [INFO ] [cn.korostudio.msc.net.NetSystem] - Get : OK
[2021-10-23 23:18:16.530] [main] [INFO ] [cn.korostudio.msc.net.NetSystem] - Get : OK
[2021-10-23 23:18:19.502] [main] [INFO ] [cn.korostudio.msc.net.NetSystem] - Get : OK
[2021-10-23 23:18:22.816] [main] [INFO ] [cn.korostudio.msc.net.NetSystem] - Get : OK
[2021-10-23 23:18:25.898] [main] [INFO ] [cn.korostudio.msc.net.NetSystem] - Get : OK
[2021-10-23 23:18:28.885] [main] [INFO ] [cn.korostudio.msc.net.NetSystem] - Get : OK
[2021-10-23 23:18:31.941] [main] [INFO ] [cn.korostudio.msc.net.NetSystem] - Get : OK
[2021-10-23 23:18:34.979] [main] [INFO ] [cn.korostudio.msc.net.NetSystem] - Get : OK
[2021-10-23 23:18:37.971] [main] [INFO ] [cn.korostudio.msc.net.NetSystem] - Get : OK
[2021-10-23 23:18:40.943] [main] [INFO ] [cn.korostudio.msc.net.NetSystem] - Get : OK
[2021-10-23 23:18:43.922] [main] [INFO ] [cn.korostudio.msc.net.NetSystem] - Get : OK
[2021-10-23 23:18:46.946] [main] [INFO ] [cn.korostudio.msc.net.NetSystem] - Get : OK
[2021-10-23 23:18:50.036] [main] [INFO ] [cn.korostudio.msc.net.NetSystem] - Get : OK
[2021-10-23 23:18:53.094] [main] [INFO ] [cn.korostudio.msc.net.NetSystem] - Get : OK
[2021-10-23 23:18:56.074] [main] [INFO ] [cn.korostudio.msc.net.NetSystem] - Get : OK
[2021-10-23 23:18:59.017] [main] [INFO ] [cn.korostudio.msc.net.NetSystem] - Get : OK
[2021-10-23 23:19:02.065] [main] [INFO ] [cn.korostudio.msc.net.NetSystem] - Get : OK
[2021-10-23 23:19:05.041] [main] [INFO ] [cn.korostudio.msc.net.NetSystem] - Get : OK
[2021-10-23 23:19:08.053] [main] [INFO ] [cn.korostudio.msc.net.NetSystem] - Get : OK
[2021-10-23 23:19:11.299] [main] [INFO ] [cn.korostudio.msc.net.NetSystem] - Get : OK
[2021-10-23 23:19:14.338] [main] [INFO ] [cn.korostudio.msc.net.NetSystem] - Get : OK
[2021-10-23 23:19:17.451] [main] [INFO ] [cn.korostudio.msc.net.NetSystem] - Get : OK
[2021-10-23 23:19:20.551] [main] [INFO ] [cn.korostudio.msc.net.NetSystem] - Get : OK
[2021-10-23 23:19:23.924] [main] [INFO ] [cn.korostudio.msc.net.NetSystem] - Get : OK
[2021-10-23 23:47:22.157] [main] [INFO ] [cn.korostudio.msc.setting.Setting] - C:\Users\koro/.ms/client/setting.setting
[2021-10-23 23:47:27.826] [main] [INFO ] [cn.korostudio.msc.net.NetSystem] - Get : OK
[2021-10-23 23:47:30.854] [main] [INFO ] [cn.korostudio.msc.net.NetSystem] - Get : OK
[2021-10-23 23:47:34.089] [main] [INFO ] [cn.korostudio.msc.net.NetSystem] - Get : OK
[2021-10-23 23:47:37.087] [main] [INFO ] [cn.korostudio.msc.net.NetSystem] - Get : OK
[2021-10-23 23:47:40.045] [main] [INFO ] [cn.korostudio.msc.net.NetSystem] - Get : OK
[2021-10-23 23:47:43.025] [main] [INFO ] [cn.korostudio.msc.net.NetSystem] - Get : OK
[2021-10-23 23:47:45.856] [main] [INFO ] [cn.korostudio.msc.net.NetSystem] - Get : OK
[2021-10-23 23:47:48.740] [main] [INFO ] [cn.korostudio.msc.net.NetSystem] - Get : OK
[2021-10-23 23:47:51.667] [main] [INFO ] [cn.korostudio.msc.net.NetSystem] - Get : OK
[2021-10-23 23:47:54.608] [main] [INFO ] [cn.korostudio.msc.net.NetSystem] - Get : OK
[2021-10-23 23:47:57.528] [main] [INFO ] [cn.korostudio.msc.net.NetSystem] - Get : OK
[2021-10-23 23:48:00.428] [main] [INFO ] [cn.korostudio.msc.net.NetSystem] - Get : OK
[2021-10-23 23:48:03.362] [main] [INFO ] [cn.korostudio.msc.net.NetSystem] - Get : OK
[2021-10-23 23:48:06.647] [main] [INFO ] [cn.korostudio.msc.net.NetSystem] - Get : OK
[2021-10-23 23:48:09.686] [main] [INFO ] [cn.korostudio.msc.net.NetSystem] - Get : OK
[2021-10-23 23:48:12.637] [main] [INFO ] [cn.korostudio.msc.net.NetSystem] - Get : OK
[2021-10-23 23:48:15.481] [main] [INFO ] [cn.korostudio.msc.net.NetSystem] - Get : OK
[2021-10-23 23:48:18.362] [main] [INFO ] [cn.korostudio.msc.net.NetSystem] - Get : OK
[2021-10-23 23:48:21.354] [main] [INFO ] [cn.korostudio.msc.net.NetSystem] - Get : OK
[2021-10-23 23:48:24.332] [main] [INFO ] [cn.korostudio.msc.net.NetSystem] - Get : OK
[2021-10-23 23:48:27.256] [main] [INFO ] [cn.korostudio.msc.net.NetSystem] - Get : OK
[2021-10-23 23:48:30.075] [main] [INFO ] [cn.korostudio.msc.net.NetSystem] - Get : OK
[2021-10-23 23:48:33.323] [main] [INFO ] [cn.korostudio.msc.net.NetSystem] - Get : OK
[2021-10-23 23:48:36.308] [main] [INFO ] [cn.korostudio.msc.net.NetSystem] - Get : OK
[2021-10-23 23:48:39.453] [main] [INFO ] [cn.korostudio.msc.net.NetSystem] - Get : OK
[2021-10-23 23:48:42.546] [main] [INFO ] [cn.korostudio.msc.net.NetSystem] - Get : OK
[2021-10-23 23:48:45.511] [main] [INFO ] [cn.korostudio.msc.net.NetSystem] - Get : OK
[2021-10-23 23:48:48.484] [main] [INFO ] [cn.korostudio.msc.net.NetSystem] - Get : OK
[2021-10-23 23:48:51.519] [main] [INFO ] [cn.korostudio.msc.net.NetSystem] - Get : OK
[2021-10-23 23:48:54.606] [main] [INFO ] [cn.korostudio.msc.net.NetSystem] - Get : OK
[2021-10-23 23:48:57.668] [main] [INFO ] [cn.korostudio.msc.net.NetSystem] - Get : OK
[2021-10-23 23:49:00.708] [main] [INFO ] [cn.korostudio.msc.net.NetSystem] - Get : OK
[2021-10-23 23:49:03.866] [main] [INFO ] [cn.korostudio.msc.net.NetSystem] - Get : OK
[2021-10-23 23:49:06.916] [main] [INFO ] [cn.korostudio.msc.net.NetSystem] - Get : OK
[2021-10-23 23:49:10.192] [main] [INFO ] [cn.korostudio.msc.net.NetSystem] - Get : OK
[2021-10-23 23:49:13.069] [main] [INFO ] [cn.korostudio.msc.net.NetSystem] - Get : OK
[2021-10-23 23:49:16.048] [main] [INFO ] [cn.korostudio.msc.net.NetSystem] - Get : OK
[2021-10-23 23:49:23.649] [main] [INFO ] [cn.korostudio.msc.setting.Setting] - C:\Users\koro/.ms/client/setting.setting
[2021-10-23 23:49:29.289] [main] [INFO ] [cn.korostudio.msc.net.NetSystem] - Get : OK
[2021-10-23 23:49:32.269] [main] [INFO ] [cn.korostudio.msc.net.NetSystem] - Get : OK
[2021-10-23 23:49:35.186] [main] [INFO ] [cn.korostudio.msc.net.NetSystem] - Get : OK
[2021-10-23 23:49:38.083] [main] [INFO ] [cn.korostudio.msc.net.NetSystem] - Get : OK
[2021-10-23 23:49:41.026] [main] [INFO ] [cn.korostudio.msc.net.NetSystem] - Get : OK
[2021-10-23 23:49:43.973] [main] [INFO ] [cn.korostudio.msc.net.NetSystem] - Get : OK
[2021-10-23 23:49:47.085] [main] [INFO ] [cn.korostudio.msc.net.NetSystem] - Get : OK
[2021-10-23 23:49:50.103] [main] [INFO ] [cn.korostudio.msc.net.NetSystem] - Get : OK
[2021-10-23 23:49:53.089] [main] [INFO ] [cn.korostudio.msc.net.NetSystem] - Get : OK
[2021-10-23 23:49:56.106] [main] [INFO ] [cn.korostudio.msc.net.NetSystem] - Get : OK
[2021-10-23 23:50:04.711] [main] [INFO ] [cn.korostudio.msc.setting.Setting] - C:\Users\koro/.ms/client/setting.setting
[2021-10-23 23:50:10.399] [main] [INFO ] [cn.korostudio.msc.net.NetSystem] - Get : OK
[2021-10-23 23:50:13.397] [main] [INFO ] [cn.korostudio.msc.net.NetSystem] - Get : OK
[2021-10-23 23:50:16.389] [main] [INFO ] [cn.korostudio.msc.net.NetSystem] - Get : OK
[2021-10-23 23:50:19.339] [main] [INFO ] [cn.korostudio.msc.net.NetSystem] - Get : OK
[2021-10-23 23:50:22.289] [main] [INFO ] [cn.korostudio.msc.net.NetSystem] - Get : OK
[2021-10-23 23:50:25.273] [main] [INFO ] [cn.korostudio.msc.net.NetSystem] - Get : OK
[2021-10-23 23:50:28.215] [main] [INFO ] [cn.korostudio.msc.net.NetSystem] - Get : OK
[2021-10-23 23:50:31.283] [main] [INFO ] [cn.korostudio.msc.net.NetSystem] - Get : OK
[2021-10-23 23:50:39.287] [main] [INFO ] [cn.korostudio.msc.setting.Setting] - C:\Users\koro/.ms/client/setting.setting
[2021-10-23 23:50:45.078] [main] [INFO ] [cn.korostudio.msc.net.NetSystem] - Get : OK
[2021-10-23 23:50:48.035] [main] [INFO ] [cn.korostudio.msc.net.NetSystem] - Get : OK
[2021-10-23 23:50:51.023] [main] [INFO ] [cn.korostudio.msc.net.NetSystem] - Get : OK
[2021-10-23 23:50:54.006] [main] [INFO ] [cn.korostudio.msc.net.NetSystem] - Get : OK
[2021-10-23 23:50:56.977] [main] [INFO ] [cn.korostudio.msc.net.NetSystem] - Get : OK
[2021-10-23 23:51:00.130] [main] [INFO ] [cn.korostudio.msc.net.NetSystem] - Get : OK
[2021-10-23 23:51:03.516] [main] [INFO ] [cn.korostudio.msc.net.NetSystem] - Get : OK
[2021-10-23 23:51:06.548] [main] [INFO ] [cn.korostudio.msc.net.NetSystem] - Get : OK
[2021-10-23 23:51:09.488] [main] [INFO ] [cn.korostudio.msc.net.NetSystem] - Get : OK
[2021-10-23 23:51:12.644] [main] [INFO ] [cn.korostudio.msc.net.NetSystem] - Get : OK
[2021-10-23 23:51:15.725] [main] [INFO ] [cn.korostudio.msc.net.NetSystem] - Get : OK
[2021-10-23 23:51:18.704] [main] [INFO ] [cn.korostudio.msc.net.NetSystem] - Get : OK
[2021-10-23 23:51:21.725] [main] [INFO ] [cn.korostudio.msc.net.NetSystem] - Get : OK
[2021-10-23 23:51:24.661] [main] [INFO ] [cn.korostudio.msc.net.NetSystem] - Get : OK
[2021-10-23 23:51:27.612] [main] [INFO ] [cn.korostudio.msc.net.NetSystem] - Get : OK
[2021-10-23 23:51:30.588] [main] [INFO ] [cn.korostudio.msc.net.NetSystem] - Get : OK
[2021-10-23 23:51:33.557] [main] [INFO ] [cn.korostudio.msc.net.NetSystem] - Get : OK
[2021-10-23 23:51:36.624] [main] [INFO ] [cn.korostudio.msc.net.NetSystem] - Get : OK
[2021-10-23 23:51:39.657] [main] [INFO ] [cn.korostudio.msc.net.NetSystem] - Get : OK
[2021-10-23 23:51:42.622] [main] [INFO ] [cn.korostudio.msc.net.NetSystem] - Get : OK
[2021-10-23 23:51:45.652] [main] [INFO ] [cn.korostudio.msc.net.NetSystem] - Get : OK
[2021-10-23 23:51:48.682] [main] [INFO ] [cn.korostudio.msc.net.NetSystem] - Get : OK
[2021-10-23 23:51:51.811] [main] [INFO ] [cn.korostudio.msc.net.NetSystem] - Get : OK
[2021-10-23 23:51:54.798] [main] [INFO ] [cn.korostudio.msc.net.NetSystem] - Get : OK
[2021-10-23 23:51:57.775] [main] [INFO ] [cn.korostudio.msc.net.NetSystem] - Get : OK
[2021-10-23 23:52:00.765] [main] [INFO ] [cn.korostudio.msc.net.NetSystem] - Get : OK
[2021-10-23 23:52:08.687] [main] [INFO ] [cn.korostudio.msc.setting.Setting] - C:\Users\koro/.ms/client/setting.setting
[2021-10-23 23:52:14.529] [main] [INFO ] [cn.korostudio.msc.net.NetSystem] - Get : OK
[2021-10-23 23:52:17.563] [main] [INFO ] [cn.korostudio.msc.net.NetSystem] - Get : OK
[2021-10-23 23:52:20.503] [main] [INFO ] [cn.korostudio.msc.net.NetSystem] - Get : OK
[2021-10-23 23:52:23.397] [main] [INFO ] [cn.korostudio.msc.net.NetSystem] - Get : OK
[2021-10-23 23:52:26.352] [main] [INFO ] [cn.korostudio.msc.net.NetSystem] - Get : OK
[2021-10-23 23:52:29.315] [main] [INFO ] [cn.korostudio.msc.net.NetSystem] - Get : OK
[2021-10-23 23:52:32.468] [main] [INFO ] [cn.korostudio.msc.net.NetSystem] - Get : OK
[2021-10-23 23:52:35.493] [main] [INFO ] [cn.korostudio.msc.net.NetSystem] - Get : OK
[2021-10-23 23:52:38.476] [main] [INFO ] [cn.korostudio.msc.net.NetSystem] - Get : OK
[2021-10-23 23:52:41.417] [main] [INFO ] [cn.korostudio.msc.net.NetSystem] - Get : OK
[2021-10-23 23:52:44.461] [main] [INFO ] [cn.korostudio.msc.net.NetSystem] - Get : OK
[2021-10-23 23:52:47.588] [main] [INFO ] [cn.korostudio.msc.net.NetSystem] - Get : OK
[2021-10-23 23:52:50.625] [main] [INFO ] [cn.korostudio.msc.net.NetSystem] - Get : OK
[2021-10-23 23:52:53.786] [main] [INFO ] [cn.korostudio.msc.net.NetSystem] - Get : OK
[2021-10-23 23:52:56.756] [main] [INFO ] [cn.korostudio.msc.net.NetSystem] - Get : OK
[2021-10-23 23:52:59.839] [main] [INFO ] [cn.korostudio.msc.net.NetSystem] - Get : OK
[2021-10-23 23:53:02.993] [main] [INFO ] [cn.korostudio.msc.net.NetSystem] - Get : OK
[2021-10-23 23:53:06.076] [main] [INFO ] [cn.korostudio.msc.net.NetSystem] - Get : OK
[2021-10-23 23:53:14.007] [main] [INFO ] [cn.korostudio.msc.setting.Setting] - C:\Users\koro/.ms/client/setting.setting
[2021-10-23 23:53:19.965] [main] [INFO ] [cn.korostudio.msc.net.NetSystem] - Get : OK
[2021-10-23 23:53:23.104] [main] [INFO ] [cn.korostudio.msc.net.NetSystem] - Get : OK
[2021-10-23 23:53:25.976] [main] [INFO ] [cn.korostudio.msc.net.NetSystem] - Get : OK
[2021-10-23 23:53:29.054] [main] [INFO ] [cn.korostudio.msc.net.NetSystem] - Get : OK
[2021-10-23 23:53:32.066] [main] [INFO ] [cn.korostudio.msc.net.NetSystem] - Get : OK
[2021-10-23 23:53:34.958] [main] [INFO ] [cn.korostudio.msc.net.NetSystem] - Get : OK
[2021-10-23 23:53:37.845] [main] [INFO ] [cn.korostudio.msc.net.NetSystem] - Get : OK
[2021-10-23 23:53:40.745] [main] [INFO ] [cn.korostudio.msc.net.NetSystem] - Get : OK
[2021-10-23 23:53:43.679] [main] [INFO ] [cn.korostudio.msc.net.NetSystem] - Get : OK
[2021-10-23 23:53:46.576] [main] [INFO ] [cn.korostudio.msc.net.NetSystem] - Get : OK
[2021-10-23 23:53:49.502] [main] [INFO ] [cn.korostudio.msc.net.NetSystem] - Get : OK
[2021-10-23 23:53:52.410] [main] [INFO ] [cn.korostudio.msc.net.NetSystem] - Get : OK
[2021-10-23 23:53:55.282] [main] [INFO ] [cn.korostudio.msc.net.NetSystem] - Get : OK
[2021-10-23 23:53:58.181] [main] [INFO ] [cn.korostudio.msc.net.NetSystem] - Get : OK
[2021-10-23 23:54:02.023] [main] [INFO ] [cn.korostudio.msc.net.NetSystem] - Get : OK
[2021-10-23 23:54:05.018] [main] [INFO ] [cn.korostudio.msc.net.NetSystem] - Get : OK
[2021-10-23 23:54:08.015] [main] [INFO ] [cn.korostudio.msc.net.NetSystem] - Get : OK
[2021-10-23 23:54:11.044] [main] [INFO ] [cn.korostudio.msc.net.NetSystem] - Get : OK
[2021-10-23 23:54:13.967] [main] [INFO ] [cn.korostudio.msc.net.NetSystem] - Get : OK
[2021-10-23 23:54:16.935] [main] [INFO ] [cn.korostudio.msc.net.NetSystem] - Get : OK
[2021-10-23 23:54:19.974] [main] [INFO ] [cn.korostudio.msc.net.NetSystem] - Get : OK
[2021-10-23 23:54:23.083] [main] [INFO ] [cn.korostudio.msc.net.NetSystem] - Get : OK
[2021-10-23 23:54:26.158] [main] [INFO ] [cn.korostudio.msc.net.NetSystem] - Get : OK
[2021-10-23 23:54:29.100] [main] [INFO ] [cn.korostudio.msc.net.NetSystem] - Get : OK
[2021-10-23 23:54:32.090] [main] [INFO ] [cn.korostudio.msc.net.NetSystem] - Get : OK
[2021-10-23 23:54:35.029] [main] [INFO ] [cn.korostudio.msc.net.NetSystem] - Get : OK
[2021-10-23 23:54:37.982] [main] [INFO ] [cn.korostudio.msc.net.NetSystem] - Get : OK
[2021-10-23 23:54:40.958] [main] [INFO ] [cn.korostudio.msc.net.NetSystem] - Get : OK
[2021-10-23 23:54:44.041] [main] [INFO ] [cn.korostudio.msc.net.NetSystem] - Get : OK
[2021-10-23 23:54:47.105] [main] [INFO ] [cn.korostudio.msc.net.NetSystem] - Get : OK
[2021-10-23 23:54:50.231] [main] [INFO ] [cn.korostudio.msc.net.NetSystem] - Get : OK
[2021-10-23 23:54:53.304] [main] [INFO ] [cn.korostudio.msc.net.NetSystem] - Get : OK
[2021-10-23 23:54:56.308] [main] [INFO ] [cn.korostudio.msc.net.NetSystem] - Get : OK
[2021-10-23 23:54:59.303] [main] [INFO ] [cn.korostudio.msc.net.NetSystem] - Get : OK
[2021-10-23 23:55:02.423] [main] [INFO ] [cn.korostudio.msc.net.NetSystem] - Get : OK
[2021-10-23 23:55:05.654] [main] [INFO ] [cn.korostudio.msc.net.NetSystem] - Get : OK
[2021-10-23 23:55:08.988] [main] [INFO ] [cn.korostudio.msc.net.NetSystem] - Get : OK
[2021-10-23 23:55:12.329] [main] [INFO ] [cn.korostudio.msc.net.NetSystem] - Get : OK
[2021-10-23 23:55:15.881] [main] [INFO ] [cn.korostudio.msc.net.NetSystem] - Get : OK
[2021-10-23 23:55:18.973] [main] [INFO ] [cn.korostudio.msc.net.NetSystem] - Get : OK
[2021-10-23 23:55:22.137] [main] [INFO ] [cn.korostudio.msc.net.NetSystem] - Get : OK
[2021-10-23 23:55:25.368] [main] [INFO ] [cn.korostudio.msc.net.NetSystem] - Get : OK
[2021-10-23 23:55:28.314] [main] [INFO ] [cn.korostudio.msc.net.NetSystem] - Get : OK
[2021-10-23 23:55:31.326] [main] [INFO ] [cn.korostudio.msc.net.NetSystem] - Get : OK
[2021-10-23 23:55:34.322] [main] [INFO ] [cn.korostudio.msc.net.NetSystem] - Get : OK
[2021-10-23 23:55:37.326] [main] [INFO ] [cn.korostudio.msc.net.NetSystem] - Get : OK
[2021-10-23 23:55:40.330] [main] [INFO ] [cn.korostudio.msc.net.NetSystem] - Get : OK
[2021-10-23 23:55:43.290] [main] [INFO ] [cn.korostudio.msc.net.NetSystem] - Get : OK
[2021-10-23 23:55:46.308] [main] [INFO ] [cn.korostudio.msc.net.NetSystem] - Get : OK
[2021-10-23 23:55:49.262] [main] [INFO ] [cn.korostudio.msc.net.NetSystem] - Get : OK
[2021-10-23 23:55:52.322] [main] [INFO ] [cn.korostudio.msc.net.NetSystem] - Get : OK
[2021-10-23 23:55:55.348] [main] [INFO ] [cn.korostudio.msc.net.NetSystem] - Get : OK
[2021-10-23 23:55:58.409] [main] [INFO ] [cn.korostudio.msc.net.NetSystem] - Get : OK
[2021-10-23 23:56:01.490] [main] [INFO ] [cn.korostudio.msc.net.NetSystem] - Get : OK
[2021-10-23 23:56:04.547] [main] [INFO ] [cn.korostudio.msc.net.NetSystem] - Get : OK
[2021-10-23 23:56:08.045] [main] [INFO ] [cn.korostudio.msc.net.NetSystem] - Get : OK
[2021-10-23 23:56:11.506] [main] [INFO ] [cn.korostudio.msc.net.NetSystem] - Get : OK
[2021-10-23 23:56:14.814] [main] [INFO ] [cn.korostudio.msc.net.NetSystem] - Get : OK
[2021-10-23 23:56:17.837] [main] [INFO ] [cn.korostudio.msc.net.NetSystem] - Get : OK
[2021-10-23 23:56:21.011] [main] [INFO ] [cn.korostudio.msc.net.NetSystem] - Get : OK
[2021-10-23 23:56:24.475] [main] [INFO ] [cn.korostudio.msc.net.NetSystem] - Get : OK
[2021-10-23 23:56:27.528] [main] [INFO ] [cn.korostudio.msc.net.NetSystem] - Get : OK
[2021-10-23 23:56:30.571] [main] [INFO ] [cn.korostudio.msc.net.NetSystem] - Get : OK
[2021-10-23 23:56:33.650] [main] [INFO ] [cn.korostudio.msc.net.NetSystem] - Get : OK
[2021-10-23 23:56:36.710] [main] [INFO ] [cn.korostudio.msc.net.NetSystem] - Get : OK
[2021-10-23 23:56:39.855] [main] [INFO ] [cn.korostudio.msc.net.NetSystem] - Get : OK
[2021-10-23 23:56:43.112] [main] [INFO ] [cn.korostudio.msc.net.NetSystem] - Get : OK
[2021-10-23 23:56:46.153] [main] [INFO ] [cn.korostudio.msc.net.NetSystem] - Get : OK
[2021-10-23 23:56:49.233] [main] [INFO ] [cn.korostudio.msc.net.NetSystem] - Get : OK
[2021-10-23 23:56:52.258] [main] [INFO ] [cn.korostudio.msc.net.NetSystem] - Get : OK
[2021-10-23 23:56:55.312] [main] [INFO ] [cn.korostudio.msc.net.NetSystem] - Get : OK
[2021-10-23 23:56:58.460] [main] [INFO ] [cn.korostudio.msc.net.NetSystem] - Get : OK
[2021-10-23 23:57:01.568] [main] [INFO ] [cn.korostudio.msc.net.NetSystem] - Get : OK
[2021-10-23 23:57:04.631] [main] [INFO ] [cn.korostudio.msc.net.NetSystem] - Get : OK
[2021-10-23 23:57:07.631] [main] [INFO ] [cn.korostudio.msc.net.NetSystem] - Get : OK
[2021-10-23 23:57:10.602] [main] [INFO ] [cn.korostudio.msc.net.NetSystem] - Get : OK
[2021-10-23 23:57:13.601] [main] [INFO ] [cn.korostudio.msc.net.NetSystem] - Get : OK
[2021-10-23 23:57:16.571] [main] [INFO ] [cn.korostudio.msc.net.NetSystem] - Get : OK
[2021-10-23 23:57:19.556] [main] [INFO ] [cn.korostudio.msc.net.NetSystem] - Get : OK
[2021-10-23 23:57:22.558] [main] [INFO ] [cn.korostudio.msc.net.NetSystem] - Get : OK
[2021-10-23 23:57:25.635] [main] [INFO ] [cn.korostudio.msc.net.NetSystem] - Get : OK
[2021-10-23 23:57:28.668] [main] [INFO ] [cn.korostudio.msc.net.NetSystem] - Get : OK
[2021-10-23 23:57:31.654] [main] [INFO ] [cn.korostudio.msc.net.NetSystem] - Get : OK
[2021-10-23 23:57:34.636] [main] [INFO ] [cn.korostudio.msc.net.NetSystem] - Get : OK
[2021-10-23 23:57:37.649] [main] [INFO ] [cn.korostudio.msc.net.NetSystem] - Get : OK
[2021-10-23 23:57:40.662] [main] [INFO ] [cn.korostudio.msc.net.NetSystem] - Get : OK
[2021-10-23 23:57:43.666] [main] [INFO ] [cn.korostudio.msc.net.NetSystem] - Get : OK
[2021-10-23 23:57:46.598] [main] [INFO ] [cn.korostudio.msc.net.NetSystem] - Get : OK
[2021-10-23 23:57:49.557] [main] [INFO ] [cn.korostudio.msc.net.NetSystem] - Get : OK
[2021-10-23 23:57:52.510] [main] [INFO ] [cn.korostudio.msc.net.NetSystem] - Get : OK
[2021-10-23 23:57:55.706] [main] [INFO ] [cn.korostudio.msc.net.NetSystem] - Get : OK
[2021-10-23 23:57:58.813] [main] [INFO ] [cn.korostudio.msc.net.NetSystem] - Get : OK
[2021-10-23 23:58:01.864] [main] [INFO ] [cn.korostudio.msc.net.NetSystem] - Get : OK
[2021-10-23 23:58:04.874] [main] [INFO ] [cn.korostudio.msc.net.NetSystem] - Get : OK
[2021-10-23 23:58:08.022] [main] [INFO ] [cn.korostudio.msc.net.NetSystem] - Get : OK
[2021-10-23 23:58:11.107] [main] [INFO ] [cn.korostudio.msc.net.NetSystem] - Get : OK
[2021-10-23 23:58:14.061] [main] [INFO ] [cn.korostudio.msc.net.NetSystem] - Get : OK
[2021-10-23 23:58:17.269] [main] [INFO ] [cn.korostudio.msc.net.NetSystem] - Get : OK
[2021-10-23 23:58:20.260] [main] [INFO ] [cn.korostudio.msc.net.NetSystem] - Get : OK
[2021-10-23 23:58:23.264] [main] [INFO ] [cn.korostudio.msc.net.NetSystem] - Get : OK
[2021-10-23 23:58:26.428] [main] [INFO ] [cn.korostudio.msc.net.NetSystem] - Get : OK
[2021-10-23 23:58:29.566] [main] [INFO ] [cn.korostudio.msc.net.NetSystem] - Get : OK
[2021-10-23 23:58:32.540] [main] [INFO ] [cn.korostudio.msc.net.NetSystem] - Get : OK
[2021-10-23 23:58:35.645] [main] [INFO ] [cn.korostudio.msc.net.NetSystem] - Get : OK
[2021-10-23 23:58:38.636] [main] [INFO ] [cn.korostudio.msc.net.NetSystem] - Get : OK
[2021-10-23 23:58:41.628] [main] [INFO ] [cn.korostudio.msc.net.NetSystem] - Get : OK
[2021-10-23 23:58:44.576] [main] [INFO ] [cn.korostudio.msc.net.NetSystem] - Get : OK
[2021-10-23 23:58:47.556] [main] [INFO ] [cn.korostudio.msc.net.NetSystem] - Get : OK
[2021-10-23 23:58:50.551] [main] [INFO ] [cn.korostudio.msc.net.NetSystem] - Get : OK
[2021-10-23 23:58:53.497] [main] [INFO ] [cn.korostudio.msc.net.NetSystem] - Get : OK
[2021-10-23 23:58:56.702] [main] [INFO ] [cn.korostudio.msc.net.NetSystem] - Get : OK
[2021-10-23 23:58:59.647] [main] [INFO ] [cn.korostudio.msc.net.NetSystem] - Get : OK
[2021-10-23 23:59:02.563] [main] [INFO ] [cn.korostudio.msc.net.NetSystem] - Get : OK
[2021-10-23 23:59:05.598] [main] [INFO ] [cn.korostudio.msc.net.NetSystem] - Get : OK
[2021-10-23 23:59:08.785] [main] [INFO ] [cn.korostudio.msc.net.NetSystem] - Get : OK
[2021-10-23 23:59:12.052] [main] [INFO ] [cn.korostudio.msc.net.NetSystem] - Get : OK
[2021-10-23 23:59:15.167] [main] [INFO ] [cn.korostudio.msc.net.NetSystem] - Get : OK
[2021-10-23 23:59:18.293] [main] [INFO ] [cn.korostudio.msc.net.NetSystem] - Get : OK
[2021-10-23 23:59:21.440] [main] [INFO ] [cn.korostudio.msc.net.NetSystem] - Get : OK
[2021-10-23 23:59:24.457] [main] [INFO ] [cn.korostudio.msc.net.NetSystem] - Get : OK
[2021-10-23 23:59:27.575] [main] [INFO ] [cn.korostudio.msc.net.NetSystem] - Get : OK
[2021-10-23 23:59:30.559] [main] [INFO ] [cn.korostudio.msc.net.NetSystem] - Get : OK
[2021-10-23 23:59:33.601] [main] [INFO ] [cn.korostudio.msc.net.NetSystem] - Get : OK
[2021-10-23 23:59:36.710] [main] [INFO ] [cn.korostudio.msc.net.NetSystem] - Get : OK
[2021-10-23 23:59:39.793] [main] [INFO ] [cn.korostudio.msc.net.NetSystem] - Get : OK
[2021-10-23 23:59:42.886] [main] [INFO ] [cn.korostudio.msc.net.NetSystem] - Get : OK
[2021-10-23 23:59:46.096] [main] [INFO ] [cn.korostudio.msc.net.NetSystem] - Get : OK
[2021-10-23 23:59:49.355] [main] [INFO ] [cn.korostudio.msc.net.NetSystem] - Get : OK
[2021-10-23 23:59:52.389] [main] [INFO ] [cn.korostudio.msc.net.NetSystem] - Get : OK
[2021-10-23 23:59:55.464] [main] [INFO ] [cn.korostudio.msc.net.NetSystem] - Get : OK
[2021-10-23 23:59:58.613] [main] [INFO ] [cn.korostudio.msc.net.NetSystem] - Get : OK
